03:34:02.753 [ApplicationImpl pooled thread 45] INFO  c.b.l.BrowserStackRunExtension - maven
03:34:02.758 [ApplicationImpl pooled thread 45] INFO  com.browserstack.utils.Helpers - null
04:12:05.758 [ApplicationImpl pooled thread 105] INFO  c.b.l.BrowserStackRunExtension - testng
04:12:05.759 [ApplicationImpl pooled thread 105] INFO  com.browserstack.utils.Helpers - null
04:12:05.760 [ApplicationImpl pooled thread 105] INFO  c.b.l.BrowserStackRunExtension - Agent path: null
04:16:04.979 [ApplicationImpl pooled thread 107] INFO  c.b.l.BrowserStackRunExtension - testng
04:16:04.979 [ApplicationImpl pooled thread 107] INFO  com.browserstack.utils.Helpers - null
04:16:04.988 [ApplicationImpl pooled thread 107] INFO  c.b.l.BrowserStackRunExtension - Agent path: null
04:18:00.267 [ApplicationImpl pooled thread 123] INFO  c.b.l.BrowserStackRunExtension - testng
04:18:00.267 [ApplicationImpl pooled thread 123] INFO  com.browserstack.utils.Helpers - null
04:18:00.269 [ApplicationImpl pooled thread 123] INFO  c.b.l.BrowserStackRunExtension - Agent path: null
22:36:59.987 [ApplicationImpl pooled thread 27] INFO  c.b.l.BrowserStackRunExtension - testng
22:36:59.999 [ApplicationImpl pooled thread 27] INFO  com.browserstack.utils.Helpers - null
22:37:00.017 [ApplicationImpl pooled thread 27] INFO  c.b.l.BrowserStackRunExtension - Agent path: null
22:38:07.167 [ApplicationImpl pooled thread 27] INFO  c.b.l.BrowserStackRunExtension - testng
22:38:07.168 [ApplicationImpl pooled thread 27] INFO  com.browserstack.utils.Helpers - null
22:38:07.169 [ApplicationImpl pooled thread 27] INFO  c.b.l.BrowserStackRunExtension - Agent path: null
22:42:53.145 [ApplicationImpl pooled thread 48] INFO  c.b.l.BrowserStackRunExtension - testng
22:42:53.146 [ApplicationImpl pooled thread 48] INFO  com.browserstack.utils.Helpers - null
22:42:53.148 [ApplicationImpl pooled thread 48] INFO  c.b.l.BrowserStackRunExtension - Agent path: null
23:07:49.337 [ApplicationImpl pooled thread 92] INFO  c.b.l.BrowserStackRunExtension - testng
23:07:49.339 [ApplicationImpl pooled thread 92] INFO  com.browserstack.utils.Helpers - null
23:07:49.340 [ApplicationImpl pooled thread 92] INFO  c.b.l.BrowserStackRunExtension - Agent path: null
23:09:00.421 [ApplicationImpl pooled thread 83] INFO  c.b.l.BrowserStackRunExtension - testng
23:09:00.421 [ApplicationImpl pooled thread 83] INFO  com.browserstack.utils.Helpers - null
23:09:00.422 [ApplicationImpl pooled thread 83] INFO  c.b.l.BrowserStackRunExtension - Agent path: null
23:10:45.921 [ApplicationImpl pooled thread 111] INFO  c.b.l.BrowserStackRunExtension - testng
23:10:45.921 [ApplicationImpl pooled thread 111] INFO  com.browserstack.utils.Helpers - null
23:10:45.922 [ApplicationImpl pooled thread 111] INFO  c.b.l.BrowserStackRunExtension - Agent path: null
23:13:47.986 [ApplicationImpl pooled thread 148] INFO  c.b.l.BrowserStackRunExtension - testng
23:13:47.986 [ApplicationImpl pooled thread 148] INFO  com.browserstack.utils.Helpers - null
23:13:47.987 [ApplicationImpl pooled thread 148] INFO  c.b.l.BrowserStackRunExtension - Agent path: null
23:33:26.492 [ApplicationImpl pooled thread 176] INFO  c.b.l.BrowserStackRunExtension - testng
23:33:26.492 [ApplicationImpl pooled thread 176] INFO  com.browserstack.utils.Helpers - null
23:33:26.493 [ApplicationImpl pooled thread 176] INFO  c.b.l.BrowserStackRunExtension - Agent path: null
23:35:30.049 [ApplicationImpl pooled thread 184] INFO  c.b.l.BrowserStackRunExtension - testng
23:35:30.050 [ApplicationImpl pooled thread 184] INFO  com.browserstack.utils.Helpers - null
23:35:30.050 [ApplicationImpl pooled thread 184] INFO  c.b.l.BrowserStackRunExtension - Agent path: null
23:41:38.187 [ApplicationImpl pooled thread 198] INFO  c.b.l.BrowserStackRunExtension - testng
23:41:38.187 [ApplicationImpl pooled thread 198] INFO  com.browserstack.utils.Helpers - null
23:41:38.188 [ApplicationImpl pooled thread 198] INFO  c.b.l.BrowserStackRunExtension - Agent path: null
23:45:02.052 [ApplicationImpl pooled thread 202] INFO  c.b.l.BrowserStackRunExtension - testng
23:45:02.052 [ApplicationImpl pooled thread 202] INFO  com.browserstack.utils.Helpers - null
23:45:02.053 [ApplicationImpl pooled thread 202] INFO  c.b.l.BrowserStackRunExtension - Agent path: null
00:30:47.012 [ApplicationImpl pooled thread 237] INFO  c.b.l.BrowserStackRunExtension - testng
00:30:47.014 [ApplicationImpl pooled thread 237] INFO  com.browserstack.utils.Helpers - null
00:30:47.020 [ApplicationImpl pooled thread 237] INFO  c.b.l.BrowserStackRunExtension - Agent path: null
00:49:02.362 [ApplicationImpl pooled thread 269] INFO  c.b.l.BrowserStackRunExtension - testng
00:49:02.374 [ApplicationImpl pooled thread 269] INFO  com.browserstack.utils.Helpers - null
00:49:02.383 [ApplicationImpl pooled thread 269] INFO  c.b.l.BrowserStackRunExtension - Agent path: null
00:51:18.638 [ApplicationImpl pooled thread 278] INFO  c.b.l.BrowserStackRunExtension - testng
00:51:18.638 [ApplicationImpl pooled thread 278] INFO  com.browserstack.utils.Helpers - null
00:51:18.639 [ApplicationImpl pooled thread 278] INFO  c.b.l.BrowserStackRunExtension - Agent path: null
00:52:48.882 [ApplicationImpl pooled thread 273] INFO  c.b.l.BrowserStackRunExtension - testng
00:52:48.883 [ApplicationImpl pooled thread 273] INFO  com.browserstack.utils.Helpers - null
00:52:48.883 [ApplicationImpl pooled thread 273] INFO  c.b.l.BrowserStackRunExtension - Agent path: null
09:38:18.529 [ApplicationImpl pooled thread 97] INFO  c.b.l.BrowserStackRunExtension - testng
09:38:18.540 [ApplicationImpl pooled thread 97] INFO  com.browserstack.utils.Helpers - null
09:38:18.549 [ApplicationImpl pooled thread 97] INFO  c.b.l.BrowserStackRunExtension - Agent path: null
09:41:16.394 [ApplicationImpl pooled thread 117] INFO  c.b.l.BrowserStackRunExtension - testng
09:41:16.395 [ApplicationImpl pooled thread 117] INFO  com.browserstack.utils.Helpers - null
09:41:16.395 [ApplicationImpl pooled thread 117] INFO  c.b.l.BrowserStackRunExtension - Agent path: null
09:43:56.345 [AWT-EventQueue-0] INFO  c.b.actions.EnableBrowserStack - Setting enable browserstack run update
09:43:56.365 [AWT-EventQueue-0] INFO  c.b.actions.DisableBrowserStack - Setting disable browserstack run update
09:50:39.341 [ApplicationImpl pooled thread 125] INFO  c.b.l.BrowserStackRunExtension - testng
09:50:39.342 [ApplicationImpl pooled thread 125] INFO  com.browserstack.utils.Helpers - null
09:50:39.369 [ApplicationImpl pooled thread 125] INFO  c.b.l.BrowserStackRunExtension - Agent path: null
09:54:54.093 [ApplicationImpl pooled thread 133] INFO  c.b.l.BrowserStackRunExtension - testng
09:54:54.093 [ApplicationImpl pooled thread 133] INFO  com.browserstack.utils.Helpers - null
09:54:54.093 [ApplicationImpl pooled thread 133] INFO  c.b.l.BrowserStackRunExtension - Agent path: null
09:59:07.441 [ApplicationImpl pooled thread 140] INFO  c.b.l.BrowserStackRunExtension - testng
09:59:07.441 [ApplicationImpl pooled thread 140] INFO  com.browserstack.utils.Helpers - null
09:59:07.442 [ApplicationImpl pooled thread 140] INFO  c.b.l.BrowserStackRunExtension - Agent path: null
10:00:56.235 [ApplicationImpl pooled thread 125] INFO  c.b.l.BrowserStackRunExtension - testng
10:00:56.235 [ApplicationImpl pooled thread 125] INFO  com.browserstack.utils.Helpers - null
10:00:56.236 [ApplicationImpl pooled thread 125] INFO  c.b.l.BrowserStackRunExtension - Agent path: null
10:02:58.903 [ApplicationImpl pooled thread 149] INFO  c.b.l.BrowserStackRunExtension - testng
10:02:58.903 [ApplicationImpl pooled thread 149] INFO  com.browserstack.utils.Helpers - null
10:02:58.904 [ApplicationImpl pooled thread 149] INFO  c.b.l.BrowserStackRunExtension - Agent path: null
10:05:11.447 [ApplicationImpl pooled thread 156] INFO  c.b.l.BrowserStackRunExtension - testng
10:05:11.448 [ApplicationImpl pooled thread 156] INFO  com.browserstack.utils.Helpers - null
10:05:11.450 [ApplicationImpl pooled thread 156] INFO  c.b.l.BrowserStackRunExtension - Agent path: null
10:12:11.337 [ApplicationImpl pooled thread 167] INFO  c.b.l.BrowserStackRunExtension - testng
10:12:11.337 [ApplicationImpl pooled thread 167] INFO  com.browserstack.utils.Helpers - null
10:12:11.339 [ApplicationImpl pooled thread 167] INFO  c.b.l.BrowserStackRunExtension - Agent path: null
10:14:55.812 [ApplicationImpl pooled thread 181] INFO  c.b.l.BrowserStackRunExtension - testng
10:14:55.813 [ApplicationImpl pooled thread 181] INFO  com.browserstack.utils.Helpers - null
10:14:55.814 [ApplicationImpl pooled thread 181] INFO  c.b.l.BrowserStackRunExtension - Agent path: null
10:17:45.975 [ApplicationImpl pooled thread 183] INFO  c.b.l.BrowserStackRunExtension - testng
10:17:45.975 [ApplicationImpl pooled thread 183] INFO  com.browserstack.utils.Helpers - null
10:17:45.976 [ApplicationImpl pooled thread 183] INFO  c.b.l.BrowserStackRunExtension - Agent path: null
10:21:29.486 [ApplicationImpl pooled thread 193] INFO  c.b.l.BrowserStackRunExtension - testng
10:21:29.486 [ApplicationImpl pooled thread 193] INFO  com.browserstack.utils.Helpers - null
10:21:29.487 [ApplicationImpl pooled thread 193] INFO  c.b.l.BrowserStackRunExtension - Agent path: null
10:22:50.737 [ApplicationImpl pooled thread 208] INFO  c.b.l.BrowserStackRunExtension - testng
10:22:50.737 [ApplicationImpl pooled thread 208] INFO  com.browserstack.utils.Helpers - null
10:22:50.738 [ApplicationImpl pooled thread 208] INFO  c.b.l.BrowserStackRunExtension - Agent path: null
